<?xml version="1.0" encoding="UTF-8"?>
<!-- Generated by org.testng.reporters.JUnitReportReporter -->
<testsuite hostname="DESKTOP-3N55A0J" failures="0" tests="3" name="testngSteps.TestngSteps" time="47.985" errors="0" timestamp="13 Jul 2021 10:30:37 GMT" skipped="0">
  <testcase classname="testngSteps.TestngSteps" name="SearchProduct" time="15.567"/>
  <testcase classname="testngSteps.TestngSteps" name="SearchProduct" time="19.169"/>
  <testcase classname="testngSteps.TestngSteps" name="SearchInvalidProduct" time="13.249"/>
</testsuite> <!-- testngSteps.TestngSteps -->
