<?xml version="1.0" encoding="UTF-8"?>
<!-- Generated by org.testng.reporters.JUnitReportReporter -->
<testsuite hostname="DESKTOP-3N55A0J" failures="0" tests="1" name="testngSteps.HomePageTestng" time="0.028" errors="0" timestamp="12 Jul 2021 06:12:32 GMT" skipped="0">
  <testcase classname="testngSteps.HomePageTestng" name="f" time="0.028"/>
</testsuite> <!-- testngSteps.HomePageTestng -->
